Command line invocation:
    /Applications/Xcode.app/Contents/Developer/usr/bin/xcodebuild -target "WEIGHTLIFTING Watch App" -configuration Debug -sdk watchsimulator

Build settings from command line:
    SDKROOT = watchsimulator26.0

ComputePackagePrebuildTargetDependencyGraph

Prepare packages

CreateBuildRequest

SendProjectDescription

CreateBuildOperation

ComputeTargetDependencyGraph
note: Building targets in dependency order
note: Target dependency graph (1 target)
    Target 'WEIGHTLIFTING Watch App' in project 'WEIGHTLIFTING' (no dependencies)

GatherProvisioningInputs

CreateBuildDescription

ExecuteExternalTool /Applications/Xcode.app/Contents/Developer/Toolchains/XcodeDefault.xctoolchain/usr/bin/clang -v -E -dM -isysroot /Applications/Xcode.app/Contents/Developer/Platforms/WatchSimulator.platform/Developer/SDKs/WatchSimulator26.0.sdk -x c -c /dev/null

ExecuteExternalTool /Applications/Xcode.app/Contents/Developer/usr/bin/actool --print-asset-tag-combinations --output-format xml1 /Users/jmahmood/WEIGHTLIFTING/WEIGHTLIFTING Watch App/Assets.xcassets

ExecuteExternalTool /Applications/Xcode.app/Contents/Developer/usr/bin/actool --version --output-format xml1

ExecuteExternalTool /Applications/Xcode.app/Contents/Developer/Toolchains/XcodeDefault.xctoolchain/usr/bin/swiftc --version

ExecuteExternalTool /Applications/Xcode.app/Contents/Developer/Toolchains/XcodeDefault.xctoolchain/usr/bin/ld -version_details

Build description signature: a3383ad4900f662096e66230dbb52064
Build description path: /Users/jmahmood/WEIGHTLIFTING/build/XCBuildData/a3383ad4900f662096e66230dbb52064.xcbuilddata
ClangStatCache /Applications/Xcode.app/Contents/Developer/Toolchains/XcodeDefault.xctoolchain/usr/bin/clang-stat-cache /Applications/Xcode.app/Contents/Developer/Platforms/WatchSimulator.platform/Developer/SDKs/WatchSimulator26.0.sdk /var/folders/m7/g2_92rj51zb8pc_gv57yldhh0000gn/C/com.apple.DeveloperTools/26.0.1-17A400/Xcode/SDKStatCaches.noindex/watchsimulator26.0-23R351-d6f9d956e8bb931a4d3c0d15364d9e81.sdkstatcache
    cd /Users/jmahmood/WEIGHTLIFTING/WEIGHTLIFTING.xcodeproj
    /Applications/Xcode.app/Contents/Developer/Toolchains/XcodeDefault.xctoolchain/usr/bin/clang-stat-cache /Applications/Xcode.app/Contents/Developer/Platforms/WatchSimulator.platform/Developer/SDKs/WatchSimulator26.0.sdk -o /var/folders/m7/g2_92rj51zb8pc_gv57yldhh0000gn/C/com.apple.DeveloperTools/26.0.1-17A400/Xcode/SDKStatCaches.noindex/watchsimulator26.0-23R351-d6f9d956e8bb931a4d3c0d15364d9e81.sdkstatcache

CopyPlistFile /Users/jmahmood/WEIGHTLIFTING/build/Debug-watchsimulator/WEIGHTLIFTING\ Watch\ App.app/WatchAppInfo.plist /Users/jmahmood/WEIGHTLIFTING/WEIGHTLIFTING\ Watch\ App/Resources/WatchAppInfo.plist (in target 'WEIGHTLIFTING Watch App' from project 'WEIGHTLIFTING')
    cd /Users/jmahmood/WEIGHTLIFTING
    builtin-copyPlist --convert binary1 --outdir /Users/jmahmood/WEIGHTLIFTING/build/Debug-watchsimulator/WEIGHTLIFTING\ Watch\ App.app -- /Users/jmahmood/WEIGHTLIFTING/WEIGHTLIFTING\ Watch\ App/Resources/WatchAppInfo.plist

ProcessInfoPlistFile /Users/jmahmood/WEIGHTLIFTING/build/Debug-watchsimulator/WEIGHTLIFTING\ Watch\ App.app/Info.plist /Users/jmahmood/WEIGHTLIFTING/WEIGHTLIFTING\ Watch\ App/Resources/WatchAppInfo.plist (in target 'WEIGHTLIFTING Watch App' from project 'WEIGHTLIFTING')
    cd /Users/jmahmood/WEIGHTLIFTING
    builtin-infoPlistUtility /Users/jmahmood/WEIGHTLIFTING/WEIGHTLIFTING\ Watch\ App/Resources/WatchAppInfo.plist -producttype com.apple.product-type.application -genpkginfo /Users/jmahmood/WEIGHTLIFTING/build/Debug-watchsimulator/WEIGHTLIFTING\ Watch\ App.app/PkgInfo -expandbuildsettings -format binary -platform watchsimulator -additionalcontentfile /Users/jmahmood/WEIGHTLIFTING/build/WEIGHTLIFTING.build/Debug-watchsimulator/WEIGHTLIFTING\ Watch\ App.build/assetcatalog_generated_info.plist -o /Users/jmahmood/WEIGHTLIFTING/build/Debug-watchsimulator/WEIGHTLIFTING\ Watch\ App.app/Info.plist
warning: 'CLKComplicationSupportedFamilies' has been deprecated starting in watchOS 7.0, use the ClockKit complications API instead. (in target 'WEIGHTLIFTING Watch App' from project 'WEIGHTLIFTING')

CopySwiftLibs /Users/jmahmood/WEIGHTLIFTING/build/Debug-watchsimulator/WEIGHTLIFTING\ Watch\ App.app (in target 'WEIGHTLIFTING Watch App' from project 'WEIGHTLIFTING')
    cd /Users/jmahmood/WEIGHTLIFTING
    builtin-swiftStdLibTool --copy --verbose --sign - --scan-executable /Users/jmahmood/WEIGHTLIFTING/build/Debug-watchsimulator/WEIGHTLIFTING\ Watch\ App.app/WEIGHTLIFTING\ Watch\ App --scan-folder /Users/jmahmood/WEIGHTLIFTING/build/Debug-watchsimulator/WEIGHTLIFTING\ Watch\ App.app/Frameworks --scan-folder /Users/jmahmood/WEIGHTLIFTING/build/Debug-watchsimulator/WEIGHTLIFTING\ Watch\ App.app/PlugIns --scan-folder /Users/jmahmood/WEIGHTLIFTING/build/Debug-watchsimulator/WEIGHTLIFTING\ Watch\ App.app/SystemExtensions --scan-folder /Users/jmahmood/WEIGHTLIFTING/build/Debug-watchsimulator/WEIGHTLIFTING\ Watch\ App.app/Extensions --platform watchsimulator --toolchain /Applications/Xcode.app/Contents/Developer/Toolchains/XcodeDefault.xctoolchain --destination /Users/jmahmood/WEIGHTLIFTING/build/Debug-watchsimulator/WEIGHTLIFTING\ Watch\ App.app/Frameworks --strip-bitcode --strip-bitcode-tool /Applications/Xcode.app/Contents/Developer/Toolchains/XcodeDefault.xctoolchain/usr/bin/bitcode_strip --emit-dependency-info /Users/jmahmood/WEIGHTLIFTING/build/WEIGHTLIFTING.build/Debug-watchsimulator/WEIGHTLIFTING\ Watch\ App.build/SwiftStdLibToolInputDependencies.dep --filter-for-swift-os --back-deploy-swift-span

CodeSign /Users/jmahmood/WEIGHTLIFTING/build/Debug-watchsimulator/WEIGHTLIFTING\ Watch\ App.app (in target 'WEIGHTLIFTING Watch App' from project 'WEIGHTLIFTING')
    cd /Users/jmahmood/WEIGHTLIFTING
    
    Signing Identity:     "Sign to Run Locally"
    
    /usr/bin/codesign --force --sign - --timestamp\=none --generate-entitlement-der /Users/jmahmood/WEIGHTLIFTING/build/Debug-watchsimulator/WEIGHTLIFTING\ Watch\ App.app
/Users/jmahmood/WEIGHTLIFTING/build/Debug-watchsimulator/WEIGHTLIFTING Watch App.app: replacing existing signature

Validate /Users/jmahmood/WEIGHTLIFTING/build/Debug-watchsimulator/WEIGHTLIFTING\ Watch\ App.app (in target 'WEIGHTLIFTING Watch App' from project 'WEIGHTLIFTING')
    cd /Users/jmahmood/WEIGHTLIFTING
    builtin-validationUtility /Users/jmahmood/WEIGHTLIFTING/build/Debug-watchsimulator/WEIGHTLIFTING\ Watch\ App.app -shallow-bundle -infoplist-subpath Info.plist

warning: ONLY_ACTIVE_ARCH=YES requested with multiple ARCHS and no active architecture could be computed; building for all applicable architectures (in target 'WEIGHTLIFTING Watch App' from project 'WEIGHTLIFTING')
/Users/jmahmood/WEIGHTLIFTING/WEIGHTLIFTING.xcodeproj: warning: The Copy Bundle Resources build phase contains this target's Info.plist file '/Users/jmahmood/WEIGHTLIFTING/WEIGHTLIFTING Watch App/Resources/WatchAppInfo.plist'. (in target 'WEIGHTLIFTING Watch App' from project 'WEIGHTLIFTING')
** BUILD SUCCEEDED **

